<?xml version="1.0" encoding="UTF-8"?>
<!-- Generated by org.testng.reporters.JUnitXMLReporter -->
<testsuite ignored="10" hostname="LAPTOP-3VTI97PU" failures="1" tests="1" name="executing groups" time="10.456" errors="0" timestamp="2024-09-30T20:28:51 IST">
  <testcase classname="com.sevenmartsupermarket.tests.SubCategoryTest" name="verifyAddSubCategory" time="3.643">
    <failure type="java.lang.NullPointerException" message="Cannot invoke &amp;quot;org.openqa.selenium.JavascriptExecutor.executeScript(String, Object[])&amp;quot; because &amp;quot;this.js&amp;quot; is null">
      <![CDATA[java.lang.NullPointerException: Cannot invoke "org.openqa.selenium.JavascriptExecutor.executeScript(String, Object[])" because "this.js" is null
at com.sevenmartsupermarket.utilities.PageUtility.scrollAndClick(PageUtility.java:77)
at com.sevenmartsupermarket.pages.SubCategoryPage.saveButton(SubCategoryPage.java:68)
at com.sevenmartsupermarket.pages.SubCategoryPage.createNewSubCategory(SubCategoryPage.java:77)
at com.sevenmartsupermarket.tests.SubCategoryTest.verifyAddSubCategory(SubCategoryTest.java:25)
at java.base/java.util.concurrent.Executors$RunnableAdapter.call(Executors.java:572)
at java.base/java.util.concurrent.FutureTask.run(FutureTask.java:317)
at java.base/java.util.concurrent.ThreadPoolExecutor.runWorker(ThreadPoolExecutor.java:1144)
at java.base/java.util.concurrent.ThreadPoolExecutor$Worker.run(ThreadPoolExecutor.java:642)
at java.base/java.lang.Thread.run(Thread.java:1570)
... Removed 11 stack frames]]>
    </failure>
  </testcase> <!-- verifyAddSubCategory -->
  <testcase classname="com.sevenmartsupermarket.tests.HomeTest" name="verifyCategoryMenu" time="0.0">
    <ignored/>
  </testcase> <!-- verifyCategoryMenu -->
  <testcase classname="com.sevenmartsupermarket.tests.HomeTest" name="verifyProfileName" time="0.0">
    <ignored/>
  </testcase> <!-- verifyProfileName -->
  <testcase classname="com.sevenmartsupermarket.tests.SubCategoryTest" name="verifyEditButton" time="0.0">
    <ignored/>
  </testcase> <!-- verifyEditButton -->
  <testcase classname="com.sevenmartsupermarket.tests.HomeTest" name="verifySubCategoryMenu" time="0.0">
    <ignored/>
  </testcase> <!-- verifySubCategoryMenu -->
  <testcase classname="com.sevenmartsupermarket.tests.HomeTest" name="verifyExcelDataRead" time="0.0">
    <ignored/>
  </testcase> <!-- verifyExcelDataRead -->
  <testcase classname="com.sevenmartsupermarket.tests.LoginTest" name="verifyAdminLogin" time="0.0">
    <ignored/>
  </testcase> <!-- verifyAdminLogin -->
  <testcase classname="com.sevenmartsupermarket.tests.SubCategoryTest" name="verifyDeleteButton" time="0.0">
    <ignored/>
  </testcase> <!-- verifyDeleteButton -->
  <testcase classname="com.sevenmartsupermarket.tests.LoginTest" name="verifyDataProviderLogin" time="0.0">
    <ignored/>
  </testcase> <!-- verifyDataProviderLogin -->
  <testcase classname="com.sevenmartsupermarket.tests.HomeTest" name="verifyAdminClick" time="0.0">
    <ignored/>
  </testcase> <!-- verifyAdminClick -->
  <testcase classname="com.sevenmartsupermarket.tests.SubCategoryTest" name="verifySearchListSubCategories" time="0.0">
    <ignored/>
  </testcase> <!-- verifySearchListSubCategories -->
</testsuite> <!-- executing groups -->
